<?xml version="1.0" encoding="UTF-8"?>
<robot generator="Robot 3.2.1 (Python 3.8.5 on win32)" generated="20200901 04:13:15.587" rpa="false">
<suite id="s1" name="feedbackTest &amp; careersTest">
<suite id="s1-s1" name="feedbackTest" source="C:\Users\AbdElAziz\PycharmProjects\POM_robotFW\tests\feedbackTest.robot">
<kw name="Run Keywords" library="BuiltIn" type="setup">
<doc>Executes all the given keywords in a sequence.</doc>
<arguments>
<arg>Navigate To Homepage</arg>
</arguments>
<kw name="Navigate To Homepage">
<kw name="Open Browser" library="SeleniumLibrary">
<doc>Opens a new browser instance to the optional ``url``.</doc>
<arguments>
<arg>${aut_Url}</arg>
<arg>${browser}</arg>
</arguments>
<msg timestamp="20200901 04:13:16.189" level="INFO">Opening browser 'chrome' to base url 'https://www.otlob.com/egypt'.</msg>
<status status="PASS" starttime="20200901 04:13:16.189" endtime="20200901 04:13:22.419"></status>
</kw>
<kw name="Maximize Browser Window" library="SeleniumLibrary">
<doc>Maximizes current browser window.</doc>
<status status="PASS" starttime="20200901 04:13:22.419" endtime="20200901 04:13:24.652"></status>
</kw>
<kw name="configure selenium general options" library="testBase">
<kw name="Set Selenium Implicit Wait" library="SeleniumLibrary">
<doc>Sets the implicit wait value used by Selenium.</doc>
<arguments>
<arg>${imp_wait}</arg>
</arguments>
<status status="PASS" starttime="20200901 04:13:24.652" endtime="20200901 04:13:24.656"></status>
</kw>
<kw name="Set Selenium Speed" library="SeleniumLibrary">
<doc>Sets the delay that is waited after each Selenium command.</doc>
<arguments>
<arg>${sele_speed}</arg>
</arguments>
<status status="PASS" starttime="20200901 04:13:24.656" endtime="20200901 04:13:24.656"></status>
</kw>
<status status="PASS" starttime="20200901 04:13:24.652" endtime="20200901 04:13:24.656"></status>
</kw>
<status status="PASS" starttime="20200901 04:13:16.189" endtime="20200901 04:13:24.656"></status>
</kw>
<status status="PASS" starttime="20200901 04:13:16.189" endtime="20200901 04:13:24.656"></status>
</kw>
<test id="s1-s1-t1" name="Test clicking feedback link">
<kw name="click feedback link" library="homePage">
<kw name="Scroll Element Into View" library="SeleniumLibrary">
<doc>Scrolls the element identified by ``locator`` into view.</doc>
<arguments>
<arg>${feedbackFromBar}</arg>
</arguments>
<status status="PASS" starttime="20200901 04:13:24.656" endtime="20200901 04:13:25.276"></status>
</kw>
<kw name="click from page" library="seleniumBF">
<arguments>
<arg>${feedbackFromBar}</arg>
</arguments>
<kw name="Click Element" library="SeleniumLibrary">
<doc>Click the element identified by ``locator``.</doc>
<arguments>
<arg>${element}</arg>
</arguments>
<msg timestamp="20200901 04:13:25.276" level="INFO">Clicking element '//section[@class='footerlinks p-y-lg hidden-xs']//a[@href='/egypt/feedback' and contains(text(), 'Feedback')]'.</msg>
<status status="PASS" starttime="20200901 04:13:25.276" endtime="20200901 04:13:27.937"></status>
</kw>
<status status="PASS" starttime="20200901 04:13:25.276" endtime="20200901 04:13:27.937"></status>
</kw>
<status status="PASS" starttime="20200901 04:13:24.656" endtime="20200901 04:13:27.937"></status>
</kw>
<kw name="Location Should Contain" library="SeleniumLibrary">
<doc>Verifies that the current URL contains ``expected``.</doc>
<arguments>
<arg>feedback</arg>
</arguments>
<msg timestamp="20200901 04:13:28.349" level="INFO">Current location contains 'feedback'.</msg>
<status status="PASS" starttime="20200901 04:13:27.937" endtime="20200901 04:13:28.349"></status>
</kw>
<status status="PASS" starttime="20200901 04:13:24.656" endtime="20200901 04:13:28.349" critical="yes"></status>
</test>
<test id="s1-s1-t2" name="Test filling feedback form without reCaptcha">
<kw name="Generate feedback Test Data">
<kw name="addReviewOrComment" library="genTestData">
<arguments>
<arg>Fname</arg>
<arg>Fname@email.com</arg>
<arg>Mac.</arg>
<arg>The Service is good</arg>
</arguments>
<assign>
<var>${review}</var>
</assign>
<kw name="Set Variable" library="BuiltIn">
<doc>Returns the given values which can then be assigned to a variables.</doc>
<arguments>
<arg>Hello my name</arg>
<arg>${name} my email is ${email} and I want to review ${service_name} review content: ${reviewContnet}</arg>
</arguments>
<assign>
<var>${review}</var>
</assign>
<msg timestamp="20200901 04:13:28.369" level="INFO">${review} = ['Hello my name', 'Fname my email is Fname@email.com and I want to review Mac. review content: The Service is good']</msg>
<status status="PASS" starttime="20200901 04:13:28.369" endtime="20200901 04:13:28.369"></status>
</kw>
<msg timestamp="20200901 04:13:28.369" level="INFO">${review} = ['Hello my name', 'Fname my email is Fname@email.com and I want to review Mac. review content: The Service is good']</msg>
<status status="PASS" starttime="20200901 04:13:28.365" endtime="20200901 04:13:28.369"></status>
</kw>
<kw name="Set Global Variable" library="BuiltIn">
<doc>Makes a variable available globally in all tests and suites.</doc>
<arguments>
<arg>${review}</arg>
</arguments>
<msg timestamp="20200901 04:13:28.369" level="INFO">${review} = ['Hello my name', 'Fname my email is Fname@email.com and I want to review Mac. review content: The Service is good']</msg>
<status status="PASS" starttime="20200901 04:13:28.369" endtime="20200901 04:13:28.369"></status>
</kw>
<status status="PASS" starttime="20200901 04:13:28.365" endtime="20200901 04:13:28.369"></status>
</kw>
<kw name="click from page" library="seleniumBF">
<arguments>
<arg>${extremeSatisfac}</arg>
</arguments>
<kw name="Click Element" library="SeleniumLibrary">
<doc>Click the element identified by ``locator``.</doc>
<arguments>
<arg>${element}</arg>
</arguments>
<msg timestamp="20200901 04:13:28.373" level="INFO">Clicking element '//div[@class='exp extreme']//button[contains(text(), 'Extremely Satisfied')]'.</msg>
<status status="PASS" starttime="20200901 04:13:28.373" endtime="20200901 04:13:28.801"></status>
</kw>
<status status="PASS" starttime="20200901 04:13:28.373" endtime="20200901 04:13:28.801"></status>
</kw>
<kw name="click from page" library="seleniumBF">
<arguments>
<arg>${effort_2}</arg>
</arguments>
<kw name="Click Element" library="SeleniumLibrary">
<doc>Click the element identified by ``locator``.</doc>
<arguments>
<arg>${element}</arg>
</arguments>
<msg timestamp="20200901 04:13:28.801" level="INFO">Clicking element '//html//body//section//div[2]//div//div[1]//section[2]//div[2]//div[2]//button'.</msg>
<status status="PASS" starttime="20200901 04:13:28.801" endtime="20200901 04:13:29.174"></status>
</kw>
<status status="PASS" starttime="20200901 04:13:28.801" endtime="20200901 04:13:29.174"></status>
</kw>
<kw name="click from page" library="seleniumBF">
<arguments>
<arg>${recommend_8}</arg>
</arguments>
<kw name="Click Element" library="SeleniumLibrary">
<doc>Click the element identified by ``locator``.</doc>
<arguments>
<arg>${element}</arg>
</arguments>
<msg timestamp="20200901 04:13:29.174" level="INFO">Clicking element '//html//body//section//div[2]//div//div[1]//section[3]//div[2]//div[9]//button'.</msg>
<status status="PASS" starttime="20200901 04:13:29.174" endtime="20200901 04:13:29.559"></status>
</kw>
<status status="PASS" starttime="20200901 04:13:29.174" endtime="20200901 04:13:29.559"></status>
</kw>
<kw name="Send text to element" library="seleniumBF">
<arguments>
<arg>${reviewBox}</arg>
<arg>${review}</arg>
</arguments>
<kw name="Input Text" library="SeleniumLibrary">
<doc>Types the given ``text`` into the text field identified by ``locator``.</doc>
<arguments>
<arg>${element}</arg>
<arg>${text}</arg>
</arguments>
<msg timestamp="20200901 04:13:29.559" level="INFO">Typing text '['Hello my name', 'Fname my email is Fname@email.com and I want to review Mac. review content: The Service is good']' into text field '//textarea[@id='feedback-text']'.</msg>
<status status="PASS" starttime="20200901 04:13:29.559" endtime="20200901 04:13:30.424"></status>
</kw>
<status status="PASS" starttime="20200901 04:13:29.559" endtime="20200901 04:13:30.424"></status>
</kw>
<kw name="scroll to element" library="seleniumBF">
<arguments>
<arg>${submitButton}</arg>
</arguments>
<kw name="Scroll Element Into View" library="SeleniumLibrary">
<doc>Scrolls the element identified by ``locator`` into view.</doc>
<arguments>
<arg>${element}</arg>
</arguments>
<status status="PASS" starttime="20200901 04:13:30.424" endtime="20200901 04:13:31.066"></status>
</kw>
<status status="PASS" starttime="20200901 04:13:30.424" endtime="20200901 04:13:31.066"></status>
</kw>
<kw name="click from page" library="seleniumBF">
<arguments>
<arg>${submitButton}</arg>
</arguments>
<kw name="Click Element" library="SeleniumLibrary">
<doc>Click the element identified by ``locator``.</doc>
<arguments>
<arg>${element}</arg>
</arguments>
<msg timestamp="20200901 04:13:31.066" level="INFO">Clicking element '//button[@id='submit-feedback']'.</msg>
<status status="PASS" starttime="20200901 04:13:31.066" endtime="20200901 04:13:31.429"></status>
</kw>
<status status="PASS" starttime="20200901 04:13:31.066" endtime="20200901 04:13:31.429"></status>
</kw>
<kw name="Page Should Contain Element" library="SeleniumLibrary">
<doc>Verifies that element ``locator`` is found on the current page.</doc>
<arguments>
<arg>${reCap_ErrMsg}</arg>
</arguments>
<msg timestamp="20200901 04:13:31.583" level="INFO">Current page contains element '//p[@id='feedback-recaptcha-error']'.</msg>
<status status="PASS" starttime="20200901 04:13:31.429" endtime="20200901 04:13:31.583"></status>
</kw>
<status status="PASS" starttime="20200901 04:13:28.365" endtime="20200901 04:13:31.583" critical="yes"></status>
</test>
<kw name="Exit These Tests" type="teardown">
<kw name="Close Browser" library="SeleniumLibrary">
<doc>Closes the current browser.</doc>
<status status="PASS" starttime="20200901 04:13:31.583" endtime="20200901 04:13:33.823"></status>
</kw>
<status status="PASS" starttime="20200901 04:13:31.583" endtime="20200901 04:13:33.823"></status>
</kw>
<status status="PASS" starttime="20200901 04:13:15.625" endtime="20200901 04:13:33.823"></status>
</suite>
<suite id="s1-s2" name="careersTest" source="C:\Users\AbdElAziz\PycharmProjects\POM_robotFW\tests\careersTest.robot">
<kw name="Run Keywords" library="BuiltIn" type="setup">
<doc>Executes all the given keywords in a sequence.</doc>
<arguments>
<arg>Navigate To Homepage</arg>
</arguments>
<kw name="Navigate To Homepage">
<kw name="Open Browser" library="SeleniumLibrary">
<doc>Opens a new browser instance to the optional ``url``.</doc>
<arguments>
<arg>${aut_Url}</arg>
<arg>${browser}</arg>
</arguments>
<msg timestamp="20200901 04:13:33.876" level="INFO">Opening browser 'chrome' to base url 'https://www.otlob.com/egypt'.</msg>
<status status="PASS" starttime="20200901 04:13:33.876" endtime="20200901 04:13:40.932"></status>
</kw>
<kw name="Maximize Browser Window" library="SeleniumLibrary">
<doc>Maximizes current browser window.</doc>
<status status="PASS" starttime="20200901 04:13:40.932" endtime="20200901 04:13:43.270"></status>
</kw>
<kw name="configure selenium general options" library="testBase">
<kw name="Set Selenium Implicit Wait" library="SeleniumLibrary">
<doc>Sets the implicit wait value used by Selenium.</doc>
<arguments>
<arg>${imp_wait}</arg>
</arguments>
<status status="PASS" starttime="20200901 04:13:43.270" endtime="20200901 04:13:43.433"></status>
</kw>
<kw name="Set Selenium Speed" library="SeleniumLibrary">
<doc>Sets the delay that is waited after each Selenium command.</doc>
<arguments>
<arg>${sele_speed}</arg>
</arguments>
<status status="PASS" starttime="20200901 04:13:43.433" endtime="20200901 04:13:43.433"></status>
</kw>
<status status="PASS" starttime="20200901 04:13:43.270" endtime="20200901 04:13:43.433"></status>
</kw>
<status status="PASS" starttime="20200901 04:13:33.876" endtime="20200901 04:13:43.433"></status>
</kw>
<status status="PASS" starttime="20200901 04:13:33.876" endtime="20200901 04:13:43.433"></status>
</kw>
<test id="s1-s2-t1" name="Test clicking career link">
<kw name="click career link" library="homePage">
<kw name="Scroll Element Into View" library="SeleniumLibrary">
<doc>Scrolls the element identified by ``locator`` into view.</doc>
<arguments>
<arg>${careerFromBar}</arg>
</arguments>
<status status="PASS" starttime="20200901 04:13:43.433" endtime="20200901 04:13:44.021"></status>
</kw>
<kw name="click from page" library="seleniumBF">
<arguments>
<arg>${careerFromBar}</arg>
</arguments>
<kw name="Click Element" library="SeleniumLibrary">
<doc>Click the element identified by ``locator``.</doc>
<arguments>
<arg>${element}</arg>
</arguments>
<msg timestamp="20200901 04:13:44.021" level="INFO">Clicking element '//section[@class='footerlinks p-y-lg hidden-xs']//a[@href='/egypt/career' and contains(text(), 'Careers')]'.</msg>
<status status="PASS" starttime="20200901 04:13:44.021" endtime="20200901 04:13:46.238"></status>
</kw>
<status status="PASS" starttime="20200901 04:13:44.021" endtime="20200901 04:13:46.238"></status>
</kw>
<status status="PASS" starttime="20200901 04:13:43.433" endtime="20200901 04:13:46.238"></status>
</kw>
<kw name="Location Should Contain" library="SeleniumLibrary">
<doc>Verifies that the current URL contains ``expected``.</doc>
<arguments>
<arg>career</arg>
</arguments>
<msg timestamp="20200901 04:13:46.417" level="INFO">Current location contains 'career'.</msg>
<status status="PASS" starttime="20200901 04:13:46.242" endtime="20200901 04:13:46.417"></status>
</kw>
<status status="PASS" starttime="20200901 04:13:43.433" endtime="20200901 04:13:46.417" critical="yes"></status>
</test>
<test id="s1-s2-t2" name="fill career form without uploading CV">
<kw name="Generate Careers Test Data">
<kw name="generateRandomPersonName" library="genTestData">
<arguments>
<arg>7</arg>
</arguments>
<assign>
<var>${firstNameData}</var>
</assign>
<kw name="Generate Random String" library="String">
<doc>Generates a string with a desired ``length`` from the given ``chars``.</doc>
<arguments>
<arg>1</arg>
<arg>[UPPER]</arg>
</arguments>
<assign>
<var>${a}</var>
</assign>
<msg timestamp="20200901 04:13:46.429" level="INFO">${a} = U</msg>
<status status="PASS" starttime="20200901 04:13:46.429" endtime="20200901 04:13:46.429"></status>
</kw>
<kw name="Generate Random String" library="String">
<doc>Generates a string with a desired ``length`` from the given ``chars``.</doc>
<arguments>
<arg>${numberOfLetters}</arg>
<arg>[LOWER]</arg>
</arguments>
<assign>
<var>${b}</var>
</assign>
<msg timestamp="20200901 04:13:46.433" level="INFO">${b} = vqxdaoa</msg>
<status status="PASS" starttime="20200901 04:13:46.429" endtime="20200901 04:13:46.433"></status>
</kw>
<kw name="Set Variable" library="BuiltIn">
<doc>Returns the given values which can then be assigned to a variables.</doc>
<arguments>
<arg>${a}${b}</arg>
</arguments>
<assign>
<var>${name}</var>
</assign>
<msg timestamp="20200901 04:13:46.437" level="INFO">${name} = Uvqxdaoa</msg>
<status status="PASS" starttime="20200901 04:13:46.433" endtime="20200901 04:13:46.437"></status>
</kw>
<msg timestamp="20200901 04:13:46.437" level="INFO">${firstNameData} = Uvqxdaoa</msg>
<status status="PASS" starttime="20200901 04:13:46.429" endtime="20200901 04:13:46.437"></status>
</kw>
<kw name="Set Global Variable" library="BuiltIn">
<doc>Makes a variable available globally in all tests and suites.</doc>
<arguments>
<arg>${firstNameData}</arg>
</arguments>
<msg timestamp="20200901 04:13:46.441" level="INFO">${firstNameData} = Uvqxdaoa</msg>
<status status="PASS" starttime="20200901 04:13:46.437" endtime="20200901 04:13:46.441"></status>
</kw>
<kw name="generateRandomPersonName" library="genTestData">
<arguments>
<arg>5</arg>
</arguments>
<assign>
<var>${lastNameData}</var>
</assign>
<kw name="Generate Random String" library="String">
<doc>Generates a string with a desired ``length`` from the given ``chars``.</doc>
<arguments>
<arg>1</arg>
<arg>[UPPER]</arg>
</arguments>
<assign>
<var>${a}</var>
</assign>
<msg timestamp="20200901 04:13:46.445" level="INFO">${a} = S</msg>
<status status="PASS" starttime="20200901 04:13:46.441" endtime="20200901 04:13:46.445"></status>
</kw>
<kw name="Generate Random String" library="String">
<doc>Generates a string with a desired ``length`` from the given ``chars``.</doc>
<arguments>
<arg>${numberOfLetters}</arg>
<arg>[LOWER]</arg>
</arguments>
<assign>
<var>${b}</var>
</assign>
<msg timestamp="20200901 04:13:46.453" level="INFO">${b} = huyyz</msg>
<status status="PASS" starttime="20200901 04:13:46.445" endtime="20200901 04:13:46.453"></status>
</kw>
<kw name="Set Variable" library="BuiltIn">
<doc>Returns the given values which can then be assigned to a variables.</doc>
<arguments>
<arg>${a}${b}</arg>
</arguments>
<assign>
<var>${name}</var>
</assign>
<msg timestamp="20200901 04:13:46.453" level="INFO">${name} = Shuyyz</msg>
<status status="PASS" starttime="20200901 04:13:46.453" endtime="20200901 04:13:46.453"></status>
</kw>
<msg timestamp="20200901 04:13:46.457" level="INFO">${lastNameData} = Shuyyz</msg>
<status status="PASS" starttime="20200901 04:13:46.441" endtime="20200901 04:13:46.457"></status>
</kw>
<kw name="Set Global Variable" library="BuiltIn">
<doc>Makes a variable available globally in all tests and suites.</doc>
<arguments>
<arg>${lastNameData}</arg>
</arguments>
<msg timestamp="20200901 04:13:46.477" level="INFO">${lastNameData} = Shuyyz</msg>
<status status="PASS" starttime="20200901 04:13:46.457" endtime="20200901 04:13:46.477"></status>
</kw>
<kw name="generateRandomJobTitle" library="genTestData">
<assign>
<var>${jobTitleData}</var>
</assign>
<kw name="Get Length" library="BuiltIn">
<doc>Returns and logs the length of the given item as an integer.</doc>
<arguments>
<arg>${JOB_TITLES}</arg>
</arguments>
<assign>
<var>${list_size}</var>
</assign>
<msg timestamp="20200901 04:13:46.477" level="INFO">Length is 9</msg>
<msg timestamp="20200901 04:13:46.477" level="INFO">${list_size} = 9</msg>
<status status="PASS" starttime="20200901 04:13:46.477" endtime="20200901 04:13:46.477"></status>
</kw>
<kw name="Evaluate" library="BuiltIn">
<doc>Evaluates the given expression in Python and returns the result.</doc>
<arguments>
<arg>random.randint(0, ${list_size}-1)</arg>
<arg>random</arg>
</arguments>
<assign>
<var>${random_number}</var>
</assign>
<msg timestamp="20200901 04:13:46.481" level="INFO">${random_number} = 1</msg>
<status status="PASS" starttime="20200901 04:13:46.481" endtime="20200901 04:13:46.481"></status>
</kw>
<kw name="Get From List" library="Collections">
<doc>Returns the value specified with an ``index`` from ``list``.</doc>
<arguments>
<arg>${JOB_TITLES}</arg>
<arg>${random_number}</arg>
</arguments>
<assign>
<var>${random_title}</var>
</assign>
<msg timestamp="20200901 04:13:46.481" level="INFO">${random_title} = Software Tester</msg>
<status status="PASS" starttime="20200901 04:13:46.481" endtime="20200901 04:13:46.481"></status>
</kw>
<msg timestamp="20200901 04:13:46.485" level="INFO">${jobTitleData} = Software Tester</msg>
<status status="PASS" starttime="20200901 04:13:46.477" endtime="20200901 04:13:46.485"></status>
</kw>
<kw name="Set Global Variable" library="BuiltIn">
<doc>Makes a variable available globally in all tests and suites.</doc>
<arguments>
<arg>${jobTitleData}</arg>
</arguments>
<msg timestamp="20200901 04:13:46.485" level="INFO">${jobTitleData} = Software Tester</msg>
<status status="PASS" starttime="20200901 04:13:46.485" endtime="20200901 04:13:46.485"></status>
</kw>
<kw name="generateRandomPhoneNumber" library="genTestData">
<assign>
<var>${mobileNumberData}</var>
</assign>
<kw name="Set Variable" library="BuiltIn">
<doc>Returns the given values which can then be assigned to a variables.</doc>
<arguments>
<arg>010</arg>
</arguments>
<assign>
<var>${a}</var>
</assign>
<msg timestamp="20200901 04:13:46.489" level="INFO">${a} = 010</msg>
<status status="PASS" starttime="20200901 04:13:46.489" endtime="20200901 04:13:46.493"></status>
</kw>
<kw name="Generate Random String" library="String">
<doc>Generates a string with a desired ``length`` from the given ``chars``.</doc>
<arguments>
<arg>8</arg>
<arg>[NUMBERS]</arg>
</arguments>
<assign>
<var>${b}</var>
</assign>
<msg timestamp="20200901 04:13:46.493" level="INFO">${b} = 23944931</msg>
<status status="PASS" starttime="20200901 04:13:46.493" endtime="20200901 04:13:46.493"></status>
</kw>
<kw name="Set Variable" library="BuiltIn">
<doc>Returns the given values which can then be assigned to a variables.</doc>
<arguments>
<arg>${a}${b}</arg>
</arguments>
<assign>
<var>${phone_num}</var>
</assign>
<msg timestamp="20200901 04:13:46.493" level="INFO">${phone_num} = 01023944931</msg>
<status status="PASS" starttime="20200901 04:13:46.493" endtime="20200901 04:13:46.493"></status>
</kw>
<kw name="Log To Console" library="BuiltIn">
<doc>Logs the given message to the console.</doc>
<arguments>
<arg>${phone_num}</arg>
</arguments>
<status status="PASS" starttime="20200901 04:13:46.493" endtime="20200901 04:13:46.497"></status>
</kw>
<msg timestamp="20200901 04:13:46.497" level="INFO">${mobileNumberData} = 01023944931</msg>
<status status="PASS" starttime="20200901 04:13:46.489" endtime="20200901 04:13:46.497"></status>
</kw>
<kw name="Set Global Variable" library="BuiltIn">
<doc>Makes a variable available globally in all tests and suites.</doc>
<arguments>
<arg>${mobileNumberData}</arg>
</arguments>
<msg timestamp="20200901 04:13:46.501" level="INFO">${mobileNumberData} = 01023944931</msg>
<status status="PASS" starttime="20200901 04:13:46.497" endtime="20200901 04:13:46.501"></status>
</kw>
<kw name="generateRandomEmail" library="genTestData">
<assign>
<var>${emailData}</var>
</assign>
<kw name="Generate Random String" library="String">
<doc>Generates a string with a desired ``length`` from the given ``chars``.</doc>
<arguments>
<arg>5</arg>
<arg>[LOWER]</arg>
</arguments>
<assign>
<var>${a}</var>
</assign>
<msg timestamp="20200901 04:13:46.505" level="INFO">${a} = hyeyu</msg>
<status status="PASS" starttime="20200901 04:13:46.501" endtime="20200901 04:13:46.505"></status>
</kw>
<kw name="Set Variable" library="BuiltIn">
<doc>Returns the given values which can then be assigned to a variables.</doc>
<arguments>
<arg>.</arg>
</arguments>
<assign>
<var>${b}</var>
</assign>
<msg timestamp="20200901 04:13:46.506" level="INFO">${b} = .</msg>
<status status="PASS" starttime="20200901 04:13:46.505" endtime="20200901 04:13:46.506"></status>
</kw>
<kw name="Generate Random String" library="String">
<doc>Generates a string with a desired ``length`` from the given ``chars``.</doc>
<arguments>
<arg>5</arg>
<arg>[LOWER]</arg>
</arguments>
<assign>
<var>${c}</var>
</assign>
<msg timestamp="20200901 04:13:46.506" level="INFO">${c} = jgcnl</msg>
<status status="PASS" starttime="20200901 04:13:46.506" endtime="20200901 04:13:46.506"></status>
</kw>
<kw name="Generate Random String" library="String">
<doc>Generates a string with a desired ``length`` from the given ``chars``.</doc>
<arguments>
<arg>2</arg>
<arg>[NUMBERS]</arg>
</arguments>
<assign>
<var>${d}</var>
</assign>
<msg timestamp="20200901 04:13:46.506" level="INFO">${d} = 40</msg>
<status status="PASS" starttime="20200901 04:13:46.506" endtime="20200901 04:13:46.506"></status>
</kw>
<kw name="Set Variable" library="BuiltIn">
<doc>Returns the given values which can then be assigned to a variables.</doc>
<arguments>
<arg>@testDomain.ext</arg>
</arguments>
<assign>
<var>${e}</var>
</assign>
<msg timestamp="20200901 04:13:46.506" level="INFO">${e} = @testDomain.ext</msg>
<status status="PASS" starttime="20200901 04:13:46.506" endtime="20200901 04:13:46.506"></status>
</kw>
<kw name="Set Variable" library="BuiltIn">
<doc>Returns the given values which can then be assigned to a variables.</doc>
<arguments>
<arg>${a}${b}${c}${d}${e}</arg>
</arguments>
<assign>
<var>${email}</var>
</assign>
<msg timestamp="20200901 04:13:46.506" level="INFO">${email} = hyeyu.jgcnl40@testDomain.ext</msg>
<status status="PASS" starttime="20200901 04:13:46.506" endtime="20200901 04:13:46.506"></status>
</kw>
<msg timestamp="20200901 04:13:46.506" level="INFO">${emailData} = hyeyu.jgcnl40@testDomain.ext</msg>
<status status="PASS" starttime="20200901 04:13:46.501" endtime="20200901 04:13:46.506"></status>
</kw>
<kw name="Set Global Variable" library="BuiltIn">
<doc>Makes a variable available globally in all tests and suites.</doc>
<arguments>
<arg>${emailData}</arg>
</arguments>
<msg timestamp="20200901 04:13:46.506" level="INFO">${emailData} = hyeyu.jgcnl40@testDomain.ext</msg>
<status status="PASS" starttime="20200901 04:13:46.506" endtime="20200901 04:13:46.506"></status>
</kw>
<status status="PASS" starttime="20200901 04:13:46.425" endtime="20200901 04:13:46.506"></status>
</kw>
<kw name="fill careers form boxes">
<kw name="Send text to element" library="seleniumBF">
<arguments>
<arg>${firstNameBox}</arg>
<arg>${firstNameData}</arg>
</arguments>
<kw name="Input Text" library="SeleniumLibrary">
<doc>Types the given ``text`` into the text field identified by ``locator``.</doc>
<arguments>
<arg>${element}</arg>
<arg>${text}</arg>
</arguments>
<msg timestamp="20200901 04:13:46.506" level="INFO">Typing text 'Uvqxdaoa' into text field '//input[@id='firstname']'.</msg>
<status status="PASS" starttime="20200901 04:13:46.506" endtime="20200901 04:13:47.249"></status>
</kw>
<status status="PASS" starttime="20200901 04:13:46.506" endtime="20200901 04:13:47.249"></status>
</kw>
<kw name="Send text to element" library="seleniumBF">
<arguments>
<arg>${lastNameBox}</arg>
<arg>${lastNameData}</arg>
</arguments>
<kw name="Input Text" library="SeleniumLibrary">
<doc>Types the given ``text`` into the text field identified by ``locator``.</doc>
<arguments>
<arg>${element}</arg>
<arg>${text}</arg>
</arguments>
<msg timestamp="20200901 04:13:47.249" level="INFO">Typing text 'Shuyyz' into text field '//input[@id='lastname']'.</msg>
<status status="PASS" starttime="20200901 04:13:47.249" endtime="20200901 04:13:48.035"></status>
</kw>
<status status="PASS" starttime="20200901 04:13:47.249" endtime="20200901 04:13:48.035"></status>
</kw>
<kw name="Send text to element" library="seleniumBF">
<arguments>
<arg>${mobileNumberBox}</arg>
<arg>${jobTitleData}</arg>
</arguments>
<kw name="Input Text" library="SeleniumLibrary">
<doc>Types the given ``text`` into the text field identified by ``locator``.</doc>
<arguments>
<arg>${element}</arg>
<arg>${text}</arg>
</arguments>
<msg timestamp="20200901 04:13:48.035" level="INFO">Typing text 'Software Tester' into text field '//input[@id='mobile']'.</msg>
<status status="PASS" starttime="20200901 04:13:48.035" endtime="20200901 04:13:48.793"></status>
</kw>
<status status="PASS" starttime="20200901 04:13:48.035" endtime="20200901 04:13:48.793"></status>
</kw>
<kw name="Send text to element" library="seleniumBF">
<arguments>
<arg>${jobTitleBox}</arg>
<arg>${mobileNumberData}</arg>
</arguments>
<kw name="Input Text" library="SeleniumLibrary">
<doc>Types the given ``text`` into the text field identified by ``locator``.</doc>
<arguments>
<arg>${element}</arg>
<arg>${text}</arg>
</arguments>
<msg timestamp="20200901 04:13:48.793" level="INFO">Typing text '01023944931' into text field '//input[@id='jobtitle']'.</msg>
<status status="PASS" starttime="20200901 04:13:48.793" endtime="20200901 04:13:49.578"></status>
</kw>
<status status="PASS" starttime="20200901 04:13:48.793" endtime="20200901 04:13:49.578"></status>
</kw>
<kw name="Send text to element" library="seleniumBF">
<arguments>
<arg>${emailBox}</arg>
<arg>${emailData}</arg>
</arguments>
<kw name="Input Text" library="SeleniumLibrary">
<doc>Types the given ``text`` into the text field identified by ``locator``.</doc>
<arguments>
<arg>${element}</arg>
<arg>${text}</arg>
</arguments>
<msg timestamp="20200901 04:13:49.578" level="INFO">Typing text 'hyeyu.jgcnl40@testDomain.ext' into text field '//input[@id='email']'.</msg>
<status status="PASS" starttime="20200901 04:13:49.578" endtime="20200901 04:13:50.405"></status>
</kw>
<status status="PASS" starttime="20200901 04:13:49.578" endtime="20200901 04:13:50.405"></status>
</kw>
<status status="PASS" starttime="20200901 04:13:46.506" endtime="20200901 04:13:50.405"></status>
</kw>
<kw name="click from page" library="seleniumBF">
<arguments>
<arg>${submitButn}</arg>
</arguments>
<kw name="Click Element" library="SeleniumLibrary">
<doc>Click the element identified by ``locator``.</doc>
<arguments>
<arg>${element}</arg>
</arguments>
<msg timestamp="20200901 04:13:50.405" level="INFO">Clicking element '//button[@class='btn p-x-lg green text-uppercase' and contains(text(),'Submit' )]'.</msg>
<status status="PASS" starttime="20200901 04:13:50.405" endtime="20200901 04:13:50.854"></status>
</kw>
<status status="PASS" starttime="20200901 04:13:50.405" endtime="20200901 04:13:50.854"></status>
</kw>
<kw name="Page Should Contain Element" library="SeleniumLibrary">
<doc>Verifies that element ``locator`` is found on the current page.</doc>
<arguments>
<arg>${cv_ErrMsg}</arg>
</arguments>
<msg timestamp="20200901 04:13:51.023" level="INFO">Current page contains element '//label[@id='cvfile-error' and contains(text(), 'This field is required.')]'.</msg>
<status status="PASS" starttime="20200901 04:13:50.854" endtime="20200901 04:13:51.023"></status>
</kw>
<status status="PASS" starttime="20200901 04:13:46.425" endtime="20200901 04:13:51.023" critical="yes"></status>
</test>
<test id="s1-s2-t3" name="fill career form and uploading CV">
<kw name="Generate Careers Test Data">
<kw name="generateRandomPersonName" library="genTestData">
<arguments>
<arg>7</arg>
</arguments>
<assign>
<var>${firstNameData}</var>
</assign>
<kw name="Generate Random String" library="String">
<doc>Generates a string with a desired ``length`` from the given ``chars``.</doc>
<arguments>
<arg>1</arg>
<arg>[UPPER]</arg>
</arguments>
<assign>
<var>${a}</var>
</assign>
<msg timestamp="20200901 04:13:51.023" level="INFO">${a} = W</msg>
<status status="PASS" starttime="20200901 04:13:51.023" endtime="20200901 04:13:51.023"></status>
</kw>
<kw name="Generate Random String" library="String">
<doc>Generates a string with a desired ``length`` from the given ``chars``.</doc>
<arguments>
<arg>${numberOfLetters}</arg>
<arg>[LOWER]</arg>
</arguments>
<assign>
<var>${b}</var>
</assign>
<msg timestamp="20200901 04:13:51.023" level="INFO">${b} = bxhehuz</msg>
<status status="PASS" starttime="20200901 04:13:51.023" endtime="20200901 04:13:51.023"></status>
</kw>
<kw name="Set Variable" library="BuiltIn">
<doc>Returns the given values which can then be assigned to a variables.</doc>
<arguments>
<arg>${a}${b}</arg>
</arguments>
<assign>
<var>${name}</var>
</assign>
<msg timestamp="20200901 04:13:51.023" level="INFO">${name} = Wbxhehuz</msg>
<status status="PASS" starttime="20200901 04:13:51.023" endtime="20200901 04:13:51.023"></status>
</kw>
<msg timestamp="20200901 04:13:51.023" level="INFO">${firstNameData} = Wbxhehuz</msg>
<status status="PASS" starttime="20200901 04:13:51.023" endtime="20200901 04:13:51.023"></status>
</kw>
<kw name="Set Global Variable" library="BuiltIn">
<doc>Makes a variable available globally in all tests and suites.</doc>
<arguments>
<arg>${firstNameData}</arg>
</arguments>
<msg timestamp="20200901 04:13:51.023" level="INFO">${firstNameData} = Wbxhehuz</msg>
<status status="PASS" starttime="20200901 04:13:51.023" endtime="20200901 04:13:51.023"></status>
</kw>
<kw name="generateRandomPersonName" library="genTestData">
<arguments>
<arg>5</arg>
</arguments>
<assign>
<var>${lastNameData}</var>
</assign>
<kw name="Generate Random String" library="String">
<doc>Generates a string with a desired ``length`` from the given ``chars``.</doc>
<arguments>
<arg>1</arg>
<arg>[UPPER]</arg>
</arguments>
<assign>
<var>${a}</var>
</assign>
<msg timestamp="20200901 04:13:51.023" level="INFO">${a} = N</msg>
<status status="PASS" starttime="20200901 04:13:51.023" endtime="20200901 04:13:51.023"></status>
</kw>
<kw name="Generate Random String" library="String">
<doc>Generates a string with a desired ``length`` from the given ``chars``.</doc>
<arguments>
<arg>${numberOfLetters}</arg>
<arg>[LOWER]</arg>
</arguments>
<assign>
<var>${b}</var>
</assign>
<msg timestamp="20200901 04:13:51.023" level="INFO">${b} = eddmm</msg>
<status status="PASS" starttime="20200901 04:13:51.023" endtime="20200901 04:13:51.023"></status>
</kw>
<kw name="Set Variable" library="BuiltIn">
<doc>Returns the given values which can then be assigned to a variables.</doc>
<arguments>
<arg>${a}${b}</arg>
</arguments>
<assign>
<var>${name}</var>
</assign>
<msg timestamp="20200901 04:13:51.023" level="INFO">${name} = Neddmm</msg>
<status status="PASS" starttime="20200901 04:13:51.023" endtime="20200901 04:13:51.023"></status>
</kw>
<msg timestamp="20200901 04:13:51.023" level="INFO">${lastNameData} = Neddmm</msg>
<status status="PASS" starttime="20200901 04:13:51.023" endtime="20200901 04:13:51.023"></status>
</kw>
<kw name="Set Global Variable" library="BuiltIn">
<doc>Makes a variable available globally in all tests and suites.</doc>
<arguments>
<arg>${lastNameData}</arg>
</arguments>
<msg timestamp="20200901 04:13:51.039" level="INFO">${lastNameData} = Neddmm</msg>
<status status="PASS" starttime="20200901 04:13:51.023" endtime="20200901 04:13:51.039"></status>
</kw>
<kw name="generateRandomJobTitle" library="genTestData">
<assign>
<var>${jobTitleData}</var>
</assign>
<kw name="Get Length" library="BuiltIn">
<doc>Returns and logs the length of the given item as an integer.</doc>
<arguments>
<arg>${JOB_TITLES}</arg>
</arguments>
<assign>
<var>${list_size}</var>
</assign>
<msg timestamp="20200901 04:13:51.039" level="INFO">Length is 9</msg>
<msg timestamp="20200901 04:13:51.039" level="INFO">${list_size} = 9</msg>
<status status="PASS" starttime="20200901 04:13:51.039" endtime="20200901 04:13:51.039"></status>
</kw>
<kw name="Evaluate" library="BuiltIn">
<doc>Evaluates the given expression in Python and returns the result.</doc>
<arguments>
<arg>random.randint(0, ${list_size}-1)</arg>
<arg>random</arg>
</arguments>
<assign>
<var>${random_number}</var>
</assign>
<msg timestamp="20200901 04:13:51.039" level="INFO">${random_number} = 2</msg>
<status status="PASS" starttime="20200901 04:13:51.039" endtime="20200901 04:13:51.039"></status>
</kw>
<kw name="Get From List" library="Collections">
<doc>Returns the value specified with an ``index`` from ``list``.</doc>
<arguments>
<arg>${JOB_TITLES}</arg>
<arg>${random_number}</arg>
</arguments>
<assign>
<var>${random_title}</var>
</assign>
<msg timestamp="20200901 04:13:51.039" level="INFO">${random_title} = Quality Control Engineer</msg>
<status status="PASS" starttime="20200901 04:13:51.039" endtime="20200901 04:13:51.039"></status>
</kw>
<msg timestamp="20200901 04:13:51.039" level="INFO">${jobTitleData} = Quality Control Engineer</msg>
<status status="PASS" starttime="20200901 04:13:51.039" endtime="20200901 04:13:51.039"></status>
</kw>
<kw name="Set Global Variable" library="BuiltIn">
<doc>Makes a variable available globally in all tests and suites.</doc>
<arguments>
<arg>${jobTitleData}</arg>
</arguments>
<msg timestamp="20200901 04:13:51.039" level="INFO">${jobTitleData} = Quality Control Engineer</msg>
<status status="PASS" starttime="20200901 04:13:51.039" endtime="20200901 04:13:51.039"></status>
</kw>
<kw name="generateRandomPhoneNumber" library="genTestData">
<assign>
<var>${mobileNumberData}</var>
</assign>
<kw name="Set Variable" library="BuiltIn">
<doc>Returns the given values which can then be assigned to a variables.</doc>
<arguments>
<arg>010</arg>
</arguments>
<assign>
<var>${a}</var>
</assign>
<msg timestamp="20200901 04:13:51.039" level="INFO">${a} = 010</msg>
<status status="PASS" starttime="20200901 04:13:51.039" endtime="20200901 04:13:51.039"></status>
</kw>
<kw name="Generate Random String" library="String">
<doc>Generates a string with a desired ``length`` from the given ``chars``.</doc>
<arguments>
<arg>8</arg>
<arg>[NUMBERS]</arg>
</arguments>
<assign>
<var>${b}</var>
</assign>
<msg timestamp="20200901 04:13:51.039" level="INFO">${b} = 19105882</msg>
<status status="PASS" starttime="20200901 04:13:51.039" endtime="20200901 04:13:51.039"></status>
</kw>
<kw name="Set Variable" library="BuiltIn">
<doc>Returns the given values which can then be assigned to a variables.</doc>
<arguments>
<arg>${a}${b}</arg>
</arguments>
<assign>
<var>${phone_num}</var>
</assign>
<msg timestamp="20200901 04:13:51.039" level="INFO">${phone_num} = 01019105882</msg>
<status status="PASS" starttime="20200901 04:13:51.039" endtime="20200901 04:13:51.039"></status>
</kw>
<kw name="Log To Console" library="BuiltIn">
<doc>Logs the given message to the console.</doc>
<arguments>
<arg>${phone_num}</arg>
</arguments>
<status status="PASS" starttime="20200901 04:13:51.039" endtime="20200901 04:13:51.039"></status>
</kw>
<msg timestamp="20200901 04:13:51.039" level="INFO">${mobileNumberData} = 01019105882</msg>
<status status="PASS" starttime="20200901 04:13:51.039" endtime="20200901 04:13:51.039"></status>
</kw>
<kw name="Set Global Variable" library="BuiltIn">
<doc>Makes a variable available globally in all tests and suites.</doc>
<arguments>
<arg>${mobileNumberData}</arg>
</arguments>
<msg timestamp="20200901 04:13:51.039" level="INFO">${mobileNumberData} = 01019105882</msg>
<status status="PASS" starttime="20200901 04:13:51.039" endtime="20200901 04:13:51.039"></status>
</kw>
<kw name="generateRandomEmail" library="genTestData">
<assign>
<var>${emailData}</var>
</assign>
<kw name="Generate Random String" library="String">
<doc>Generates a string with a desired ``length`` from the given ``chars``.</doc>
<arguments>
<arg>5</arg>
<arg>[LOWER]</arg>
</arguments>
<assign>
<var>${a}</var>
</assign>
<msg timestamp="20200901 04:13:51.055" level="INFO">${a} = lkpet</msg>
<status status="PASS" starttime="20200901 04:13:51.055" endtime="20200901 04:13:51.055"></status>
</kw>
<kw name="Set Variable" library="BuiltIn">
<doc>Returns the given values which can then be assigned to a variables.</doc>
<arguments>
<arg>.</arg>
</arguments>
<assign>
<var>${b}</var>
</assign>
<msg timestamp="20200901 04:13:51.055" level="INFO">${b} = .</msg>
<status status="PASS" starttime="20200901 04:13:51.055" endtime="20200901 04:13:51.055"></status>
</kw>
<kw name="Generate Random String" library="String">
<doc>Generates a string with a desired ``length`` from the given ``chars``.</doc>
<arguments>
<arg>5</arg>
<arg>[LOWER]</arg>
</arguments>
<assign>
<var>${c}</var>
</assign>
<msg timestamp="20200901 04:13:51.055" level="INFO">${c} = kxvld</msg>
<status status="PASS" starttime="20200901 04:13:51.055" endtime="20200901 04:13:51.055"></status>
</kw>
<kw name="Generate Random String" library="String">
<doc>Generates a string with a desired ``length`` from the given ``chars``.</doc>
<arguments>
<arg>2</arg>
<arg>[NUMBERS]</arg>
</arguments>
<assign>
<var>${d}</var>
</assign>
<msg timestamp="20200901 04:13:51.055" level="INFO">${d} = 49</msg>
<status status="PASS" starttime="20200901 04:13:51.055" endtime="20200901 04:13:51.055"></status>
</kw>
<kw name="Set Variable" library="BuiltIn">
<doc>Returns the given values which can then be assigned to a variables.</doc>
<arguments>
<arg>@testDomain.ext</arg>
</arguments>
<assign>
<var>${e}</var>
</assign>
<msg timestamp="20200901 04:13:51.055" level="INFO">${e} = @testDomain.ext</msg>
<status status="PASS" starttime="20200901 04:13:51.055" endtime="20200901 04:13:51.055"></status>
</kw>
<kw name="Set Variable" library="BuiltIn">
<doc>Returns the given values which can then be assigned to a variables.</doc>
<arguments>
<arg>${a}${b}${c}${d}${e}</arg>
</arguments>
<assign>
<var>${email}</var>
</assign>
<msg timestamp="20200901 04:13:51.055" level="INFO">${email} = lkpet.kxvld49@testDomain.ext</msg>
<status status="PASS" starttime="20200901 04:13:51.055" endtime="20200901 04:13:51.055"></status>
</kw>
<msg timestamp="20200901 04:13:51.055" level="INFO">${emailData} = lkpet.kxvld49@testDomain.ext</msg>
<status status="PASS" starttime="20200901 04:13:51.039" endtime="20200901 04:13:51.055"></status>
</kw>
<kw name="Set Global Variable" library="BuiltIn">
<doc>Makes a variable available globally in all tests and suites.</doc>
<arguments>
<arg>${emailData}</arg>
</arguments>
<msg timestamp="20200901 04:13:51.055" level="INFO">${emailData} = lkpet.kxvld49@testDomain.ext</msg>
<status status="PASS" starttime="20200901 04:13:51.055" endtime="20200901 04:13:51.055"></status>
</kw>
<status status="PASS" starttime="20200901 04:13:51.023" endtime="20200901 04:13:51.055"></status>
</kw>
<kw name="fill careers form boxes">
<kw name="Send text to element" library="seleniumBF">
<arguments>
<arg>${firstNameBox}</arg>
<arg>${firstNameData}</arg>
</arguments>
<kw name="Input Text" library="SeleniumLibrary">
<doc>Types the given ``text`` into the text field identified by ``locator``.</doc>
<arguments>
<arg>${element}</arg>
<arg>${text}</arg>
</arguments>
<msg timestamp="20200901 04:13:51.055" level="INFO">Typing text 'Wbxhehuz' into text field '//input[@id='firstname']'.</msg>
<status status="PASS" starttime="20200901 04:13:51.055" endtime="20200901 04:13:51.712"></status>
</kw>
<status status="PASS" starttime="20200901 04:13:51.055" endtime="20200901 04:13:51.712"></status>
</kw>
<kw name="Send text to element" library="seleniumBF">
<arguments>
<arg>${lastNameBox}</arg>
<arg>${lastNameData}</arg>
</arguments>
<kw name="Input Text" library="SeleniumLibrary">
<doc>Types the given ``text`` into the text field identified by ``locator``.</doc>
<arguments>
<arg>${element}</arg>
<arg>${text}</arg>
</arguments>
<msg timestamp="20200901 04:13:51.712" level="INFO">Typing text 'Neddmm' into text field '//input[@id='lastname']'.</msg>
<status status="PASS" starttime="20200901 04:13:51.712" endtime="20200901 04:13:52.313"></status>
</kw>
<status status="PASS" starttime="20200901 04:13:51.712" endtime="20200901 04:13:52.313"></status>
</kw>
<kw name="Send text to element" library="seleniumBF">
<arguments>
<arg>${mobileNumberBox}</arg>
<arg>${jobTitleData}</arg>
</arguments>
<kw name="Input Text" library="SeleniumLibrary">
<doc>Types the given ``text`` into the text field identified by ``locator``.</doc>
<arguments>
<arg>${element}</arg>
<arg>${text}</arg>
</arguments>
<msg timestamp="20200901 04:13:52.313" level="INFO">Typing text 'Quality Control Engineer' into text field '//input[@id='mobile']'.</msg>
<status status="PASS" starttime="20200901 04:13:52.313" endtime="20200901 04:13:53.062"></status>
</kw>
<status status="PASS" starttime="20200901 04:13:52.313" endtime="20200901 04:13:53.062"></status>
</kw>
<kw name="Send text to element" library="seleniumBF">
<arguments>
<arg>${jobTitleBox}</arg>
<arg>${mobileNumberData}</arg>
</arguments>
<kw name="Input Text" library="SeleniumLibrary">
<doc>Types the given ``text`` into the text field identified by ``locator``.</doc>
<arguments>
<arg>${element}</arg>
<arg>${text}</arg>
</arguments>
<msg timestamp="20200901 04:13:53.062" level="INFO">Typing text '01019105882' into text field '//input[@id='jobtitle']'.</msg>
<status status="PASS" starttime="20200901 04:13:53.062" endtime="20200901 04:13:53.768"></status>
</kw>
<status status="PASS" starttime="20200901 04:13:53.062" endtime="20200901 04:13:53.768"></status>
</kw>
<kw name="Send text to element" library="seleniumBF">
<arguments>
<arg>${emailBox}</arg>
<arg>${emailData}</arg>
</arguments>
<kw name="Input Text" library="SeleniumLibrary">
<doc>Types the given ``text`` into the text field identified by ``locator``.</doc>
<arguments>
<arg>${element}</arg>
<arg>${text}</arg>
</arguments>
<msg timestamp="20200901 04:13:53.768" level="INFO">Typing text 'lkpet.kxvld49@testDomain.ext' into text field '//input[@id='email']'.</msg>
<status status="PASS" starttime="20200901 04:13:53.768" endtime="20200901 04:13:54.528"></status>
</kw>
<status status="PASS" starttime="20200901 04:13:53.768" endtime="20200901 04:13:54.528"></status>
</kw>
<status status="PASS" starttime="20200901 04:13:51.055" endtime="20200901 04:13:54.528"></status>
</kw>
<kw name="upload cv to career form" library="careerPage">
<kw name="Choose File" library="SeleniumLibrary">
<doc>Inputs the ``file_path`` into the file input field ``locator``.</doc>
<arguments>
<arg>${cv_uploader}</arg>
<arg>${cv_path}</arg>
</arguments>
<msg timestamp="20200901 04:13:54.528" level="INFO">Sending C:\Users\AbdElAziz\PycharmProjects\POM_robotFW\uploads\emptyCV.txt to browser.</msg>
<status status="PASS" starttime="20200901 04:13:54.528" endtime="20200901 04:13:54.954"></status>
</kw>
<status status="PASS" starttime="20200901 04:13:54.528" endtime="20200901 04:13:54.954"></status>
</kw>
<kw name="click from page" library="seleniumBF">
<arguments>
<arg>${submitButn}</arg>
</arguments>
<kw name="Click Element" library="SeleniumLibrary">
<doc>Click the element identified by ``locator``.</doc>
<arguments>
<arg>${element}</arg>
</arguments>
<msg timestamp="20200901 04:13:54.958" level="INFO">Clicking element '//button[@class='btn p-x-lg green text-uppercase' and contains(text(),'Submit' )]'.</msg>
<status status="PASS" starttime="20200901 04:13:54.958" endtime="20200901 04:13:56.644"></status>
</kw>
<status status="PASS" starttime="20200901 04:13:54.954" endtime="20200901 04:13:56.644"></status>
</kw>
<kw name="Location Should Contain" library="SeleniumLibrary">
<doc>Verifies that the current URL contains ``expected``.</doc>
<arguments>
<arg>${firstNameData}</arg>
</arguments>
<msg timestamp="20200901 04:13:56.810" level="INFO">Current location contains 'Wbxhehuz'.</msg>
<status status="PASS" starttime="20200901 04:13:56.644" endtime="20200901 04:13:56.810"></status>
</kw>
<status status="PASS" starttime="20200901 04:13:51.023" endtime="20200901 04:13:56.810" critical="yes"></status>
</test>
<kw name="Exit These Tests" type="teardown">
<kw name="Close Browser" library="SeleniumLibrary">
<doc>Closes the current browser.</doc>
<status status="PASS" starttime="20200901 04:13:56.822" endtime="20200901 04:13:59.141"></status>
</kw>
<status status="PASS" starttime="20200901 04:13:56.822" endtime="20200901 04:13:59.141"></status>
</kw>
<status status="PASS" starttime="20200901 04:13:33.829" endtime="20200901 04:13:59.141"></status>
</suite>
<status status="PASS" starttime="20200901 04:13:15.587" endtime="20200901 04:13:59.147"></status>
</suite>
<statistics>
<total>
<stat pass="5" fail="0">Critical Tests</stat>
<stat pass="5" fail="0">All Tests</stat>
</total>
<tag>
</tag>
<suite>
<stat pass="5" fail="0" id="s1" name="feedbackTest &amp; careersTest">feedbackTest &amp; careersTest</stat>
<stat pass="2" fail="0" id="s1-s1" name="feedbackTest">feedbackTest &amp; careersTest.feedbackTest</stat>
<stat pass="3" fail="0" id="s1-s2" name="careersTest">feedbackTest &amp; careersTest.careersTest</stat>
</suite>
</statistics>
<errors>
</errors>
</robot>
