<?xml version="1.0" encoding="UTF-8"?>
<robot generator="Robot 3.2.1 (Python 3.8.5 on win32)" generated="20200831 23:02:05.286" rpa="false">
<suite id="s1" name="genTestData" source="C:\Users\AbdElAziz\PycharmProjects\POM_robotFW\testDataGenerator\genTestData.robot">
<test id="s1-t1" name="Test keywords functions">
<kw name="addReviewOrComment">
<arguments>
<arg>Abdo</arg>
<arg>Ali</arg>
<arg>Rest_name</arg>
<arg>The servie is so good</arg>
</arguments>
<assign>
<var>${test}</var>
</assign>
<kw name="Set Variable" library="BuiltIn">
<doc>Returns the given values which can then be assigned to a variables.</doc>
<arguments>
<arg>Hello my name</arg>
<arg>${name} my email is ${email} and I want to review ${service_name} review content: ${reviewContnet}</arg>
</arguments>
<assign>
<var>${review}</var>
</assign>
<msg timestamp="20200831 23:02:05.701" level="INFO">${review} = ['Hello my name', 'Abdo my email is Ali and I want to review Rest_name review content: The servie is so good']</msg>
<status status="PASS" starttime="20200831 23:02:05.701" endtime="20200831 23:02:05.707"></status>
</kw>
<msg timestamp="20200831 23:02:05.707" level="INFO">${test} = ['Hello my name', 'Abdo my email is Ali and I want to review Rest_name review content: The servie is so good']</msg>
<status status="PASS" starttime="20200831 23:02:05.701" endtime="20200831 23:02:05.707"></status>
</kw>
<kw name="Log" library="BuiltIn">
<doc>Logs the given message with the given level.</doc>
<arguments>
<arg>${test}</arg>
</arguments>
<msg timestamp="20200831 23:02:05.707" level="INFO">['Hello my name', 'Abdo my email is Ali and I want to review Rest_name review content: The servie is so good']</msg>
<status status="PASS" starttime="20200831 23:02:05.707" endtime="20200831 23:02:05.707"></status>
</kw>
<status status="PASS" starttime="20200831 23:02:05.701" endtime="20200831 23:02:05.707" critical="yes"></status>
</test>
<status status="PASS" starttime="20200831 23:02:05.296" endtime="20200831 23:02:05.707"></status>
</suite>
<statistics>
<total>
<stat pass="1" fail="0">Critical Tests</stat>
<stat pass="1" fail="0">All Tests</stat>
</total>
<tag>
</tag>
<suite>
<stat pass="1" fail="0" id="s1" name="genTestData">genTestData</stat>
</suite>
</statistics>
<errors>
</errors>
</robot>
